# JRE version: OpenJDK Runtime Environment Temurin-21.0.8+9 (21.0.8+9) (build 21.0.8+9-LTS)
# Java VM: OpenJDK 64-Bit Server VM Temurin-21.0.8+9 (21.0.8+9-LTS, mixed mode, sharing, tiered, compressed oops, compressed class ptrs, parallel gc, windows-amd64)
GC Precious Log:
 CardTable entry size: 512
 CPUs: 6 total, 6 available
 Memory: 8127M
 Large Page Support: Disabled
 NUMA Support: Disabled
 Compressed Oops: Enabled (32-bit)
 Alignments: Space 512K, Generation 512K, Heap 2M
 Heap Min Capacity: 100M
 Heap Initial Capacity: 100M
 Heap Max Capacity: 2G
 Pre-touch: Disabled
 Parallel Workers: 6
Heap:
 PSYoungGen      total 124928K, used 192K [0x00000000d5580000, 0x00000000dda00000, 0x0000000100000000)
  eden space 114176K, 0% used [0x00000000d5580000,0x00000000d5580000,0x00000000dc500000)
  from space 10752K, 1% used [0x00000000dc580000,0x00000000dc5b0000,0x00000000dd000000)
  to   space 3584K, 0% used [0x00000000dd680000,0x00000000dd680000,0x00000000dda00000)
 ParOldGen       total 755712K, used 650906K [0x0000000080000000, 0x00000000ae200000, 0x00000000d5580000)
  object space 755712K, 86% used [0x0000000080000000,0x00000000a7ba6aa0,0x00000000ae200000)
 Metaspace       used 103007K, committed 104704K, reserved 1179648K
  class space    used 10614K, committed 11392K, reserved 1048576K
GC Heap History (20 events):
Event: 24576.595 GC heap after
{Heap after GC invocations=1649 (full 5):
 PSYoungGen      total 83968K, used 1065K [0x00000000d5580000, 0x00000000dc800000, 0x0000000100000000)
  eden space 82432K, 0% used [0x00000000d5580000,0x00000000d5580000,0x00000000da600000)
  from space 1536K, 69% used [0x00000000dc680000,0x00000000dc78a440,0x00000000dc800000)
  to   space 3072K, 0% used [0x00000000dc200000,0x00000000dc200000,0x00000000dc500000)
 ParOldGen       total 755712K, used 636493K [0x0000000080000000, 0x00000000ae200000, 0x00000000d5580000)
  object space 755712K, 84% used [0x0000000080000000,0x00000000a6d93630,0x00000000ae200000)
 Metaspace       used 102241K, committed 104000K, reserved 1179648K
  class space    used 10547K, committed 11328K, reserved 1048576K
}
Event: 24576.646 GC heap before
{Heap before GC invocations=1650 (full 5):
 PSYoungGen      total 83968K, used 83497K [0x00000000d5580000, 0x00000000dc800000, 0x0000000100000000)
  eden space 82432K, 100% used [0x00000000d5580000,0x00000000da600000,0x00000000da600000)
  from space 1536K, 69% used [0x00000000dc680000,0x00000000dc78a440,0x00000000dc800000)
  to   space 3072K, 0% used [0x00000000dc200000,0x00000000dc200000,0x00000000dc500000)
 ParOldGen       total 755712K, used 636493K [0x0000000080000000, 0x00000000ae200000, 0x00000000d5580000)
  object space 755712K, 84% used [0x0000000080000000,0x00000000a6d93630,0x00000000ae200000)
 Metaspace       used 102471K, committed 104192K, reserved 1179648K
  class space    used 10564K, committed 11328K, reserved 1048576K
}
Event: 24576.691 GC heap after
{Heap after GC invocations=1650 (full 5):
 PSYoungGen      total 102400K, used 825K [0x00000000d5580000, 0x00000000dc700000, 0x0000000100000000)
  eden space 99328K, 0% used [0x00000000d5580000,0x00000000d5580000,0x00000000db680000)
  from space 3072K, 26% used [0x00000000dc200000,0x00000000dc2ce4e8,0x00000000dc500000)
  to   space 1536K, 0% used [0x00000000dc580000,0x00000000dc580000,0x00000000dc700000)
 ParOldGen       total 755712K, used 637375K [0x0000000080000000, 0x00000000ae200000, 0x00000000d5580000)
  object space 755712K, 84% used [0x0000000080000000,0x00000000a6e6fc50,0x00000000ae200000)
 Metaspace       used 102471K, committed 104192K, reserved 1179648K
  class space    used 10564K, committed 11328K, reserved 1048576K
}
Event: 24576.863 GC heap before
{Heap before GC invocations=1651 (full 5):
 PSYoungGen      total 102400K, used 99818K [0x00000000d5580000, 0x00000000dc700000, 0x0000000100000000)
  eden space 99328K, 99% used [0x00000000d5580000,0x00000000db62c5f8,0x00000000db680000)
  from space 3072K, 26% used [0x00000000dc200000,0x00000000dc2ce4e8,0x00000000dc500000)
  to   space 1536K, 0% used [0x00000000dc580000,0x00000000dc580000,0x00000000dc700000)
 ParOldGen       total 755712K, used 637375K [0x0000000080000000, 0x00000000ae200000, 0x00000000d5580000)
  object space 755712K, 84% used [0x0000000080000000,0x00000000a6e6fc50,0x00000000ae200000)
 Metaspace       used 102502K, committed 104256K, reserved 1179648K
  class space    used 10568K, committed 11328K, reserved 1048576K
}
Event: 24576.866 GC heap after
{Heap after GC invocations=1651 (full 5):
 PSYoungGen      total 113664K, used 1526K [0x00000000d5580000, 0x00000000dcf00000, 0x0000000100000000)
  eden space 112128K, 0% used [0x00000000d5580000,0x00000000d5580000,0x00000000dc300000)
  from space 1536K, 99% used [0x00000000dc580000,0x00000000dc6fdb88,0x00000000dc700000)
  to   space 2560K, 0% used [0x00000000dc300000,0x00000000dc300000,0x00000000dc580000)
 ParOldGen       total 755712K, used 638024K [0x0000000080000000, 0x00000000ae200000, 0x00000000d5580000)
  object space 755712K, 84% used [0x0000000080000000,0x00000000a6f12258,0x00000000ae200000)
 Metaspace       used 102502K, committed 104256K, reserved 1179648K
  class space    used 10568K, committed 11328K, reserved 1048576K
}
Event: 24577.340 GC heap before
{Heap before GC invocations=1652 (full 5):
 PSYoungGen      total 113664K, used 113654K [0x00000000d5580000, 0x00000000dcf00000, 0x0000000100000000)
  eden space 112128K, 100% used [0x00000000d5580000,0x00000000dc300000,0x00000000dc300000)
  from space 1536K, 99% used [0x00000000dc580000,0x00000000dc6fdb88,0x00000000dc700000)
  to   space 2560K, 0% used [0x00000000dc300000,0x00000000dc300000,0x00000000dc580000)
 ParOldGen       total 755712K, used 638024K [0x0000000080000000, 0x00000000ae200000, 0x00000000d5580000)
  object space 755712K, 84% used [0x0000000080000000,0x00000000a6f12258,0x00000000ae200000)
 Metaspace       used 102713K, committed 104384K, reserved 1179648K
  class space    used 10590K, committed 11328K, reserved 1048576K
}
Event: 24577.381 GC heap after
{Heap after GC invocations=1652 (full 5):
 PSYoungGen      total 114688K, used 676K [0x00000000d5580000, 0x00000000ddc00000, 0x0000000100000000)
  eden space 112128K, 0% used [0x00000000d5580000,0x00000000d5580000,0x00000000dc300000)
  from space 2560K, 26% used [0x00000000dc300000,0x00000000dc3a9210,0x00000000dc580000)
  to   space 1536K, 0% used [0x00000000dda80000,0x00000000dda80000,0x00000000ddc00000)
 ParOldGen       total 755712K, used 639312K [0x0000000080000000, 0x00000000ae200000, 0x00000000d5580000)
  object space 755712K, 84% used [0x0000000080000000,0x00000000a7054070,0x00000000ae200000)
 Metaspace       used 102713K, committed 104384K, reserved 1179648K
  class space    used 10590K, committed 11328K, reserved 1048576K
}
Event: 24577.501 GC heap before
{Heap before GC invocations=1653 (full 5):
 PSYoungGen      total 114688K, used 111833K [0x00000000d5580000, 0x00000000ddc00000, 0x0000000100000000)
  eden space 112128K, 99% used [0x00000000d5580000,0x00000000dc20d1f0,0x00000000dc300000)
  from space 2560K, 26% used [0x00000000dc300000,0x00000000dc3a9210,0x00000000dc580000)
  to   space 1536K, 0% used [0x00000000dda80000,0x00000000dda80000,0x00000000ddc00000)
 ParOldGen       total 755712K, used 639312K [0x0000000080000000, 0x00000000ae200000, 0x00000000d5580000)
  object space 755712K, 84% used [0x0000000080000000,0x00000000a7054070,0x00000000ae200000)
 Metaspace       used 102756K, committed 104448K, reserved 1179648K
  class space    used 10593K, committed 11328K, reserved 1048576K
}
Event: 24577.529 GC heap after
{Heap after GC invocations=1653 (full 5):
 PSYoungGen      total 135168K, used 346K [0x00000000d5580000, 0x00000000ddb00000, 0x0000000100000000)
  eden space 134656K, 0% used [0x00000000d5580000,0x00000000d5580000,0x00000000dd900000)
  from space 512K, 67% used [0x00000000dda80000,0x00000000ddad6990,0x00000000ddb00000)
  to   space 1024K, 0% used [0x00000000dd900000,0x00000000dd900000,0x00000000dda00000)
 ParOldGen       total 755712K, used 639813K [0x0000000080000000, 0x00000000ae200000, 0x00000000d5580000)
  object space 755712K, 84% used [0x0000000080000000,0x00000000a70d16a8,0x00000000ae200000)
 Metaspace       used 102756K, committed 104448K, reserved 1179648K
  class space    used 10593K, committed 11328K, reserved 1048576K
}
Event: 24577.988 GC heap before
{Heap before GC invocations=1654 (full 5):
 PSYoungGen      total 135168K, used 129767K [0x00000000d5580000, 0x00000000ddb00000, 0x0000000100000000)
  eden space 134656K, 96% used [0x00000000d5580000,0x00000000dd3e3528,0x00000000dd900000)
  from space 512K, 67% used [0x00000000dda80000,0x00000000ddad6990,0x00000000ddb00000)
  to   space 1024K, 0% used [0x00000000dd900000,0x00000000dd900000,0x00000000dda00000)
 ParOldGen       total 755712K, used 639813K [0x0000000080000000, 0x00000000ae200000, 0x00000000d5580000)
  object space 755712K, 84% used [0x0000000080000000,0x00000000a70d16a8,0x00000000ae200000)
 Metaspace       used 102943K, committed 104704K, reserved 1179648K
  class space    used 10612K, committed 11392K, reserved 1048576K
}
Event: 24578.034 GC heap after
{Heap after GC invocations=1654 (full 5):
 PSYoungGen      total 130048K, used 581K [0x00000000d5580000, 0x00000000ddb00000, 0x0000000100000000)
  eden space 129024K, 0% used [0x00000000d5580000,0x00000000d5580000,0x00000000dd380000)
  from space 1024K, 56% used [0x00000000dd900000,0x00000000dd991760,0x00000000dda00000)
  to   space 1024K, 0% used [0x00000000dda00000,0x00000000dda00000,0x00000000ddb00000)
 ParOldGen       total 755712K, used 639925K [0x0000000080000000, 0x00000000ae200000, 0x00000000d5580000)
  object space 755712K, 84% used [0x0000000080000000,0x00000000a70ed738,0x00000000ae200000)
 Metaspace       used 102943K, committed 104704K, reserved 1179648K
  class space    used 10612K, committed 11392K, reserved 1048576K
}
Event: 24580.218 GC heap before
{Heap before GC invocations=1655 (full 5):
 PSYoungGen      total 130048K, used 129605K [0x00000000d5580000, 0x00000000ddb00000, 0x0000000100000000)
  eden space 129024K, 100% used [0x00000000d5580000,0x00000000dd380000,0x00000000dd380000)
  from space 1024K, 56% used [0x00000000dd900000,0x00000000dd991760,0x00000000dda00000)
  to   space 1024K, 0% used [0x00000000dda00000,0x00000000dda00000,0x00000000ddb00000)
 ParOldGen       total 755712K, used 639925K [0x0000000080000000, 0x00000000ae200000, 0x00000000d5580000)
  object space 755712K, 84% used [0x0000000080000000,0x00000000a70ed738,0x00000000ae200000)
 Metaspace       used 102952K, committed 104704K, reserved 1179648K
  class space    used 10612K, committed 11392K, reserved 1048576K
}
Event: 24580.230 GC heap after
{Heap after GC invocations=1655 (full 5):
 PSYoungGen      total 124928K, used 985K [0x00000000d5580000, 0x00000000ddb00000, 0x0000000100000000)
  eden space 123904K, 0% used [0x00000000d5580000,0x00000000d5580000,0x00000000dce80000)
  from space 1024K, 96% used [0x00000000dda00000,0x00000000ddaf6410,0x00000000ddb00000)
  to   space 1536K, 0% used [0x00000000dd800000,0x00000000dd800000,0x00000000dd980000)
 ParOldGen       total 755712K, used 640186K [0x0000000080000000, 0x00000000ae200000, 0x00000000d5580000)
  object space 755712K, 84% used [0x0000000080000000,0x00000000a712e878,0x00000000ae200000)
 Metaspace       used 102952K, committed 104704K, reserved 1179648K
  class space    used 10612K, committed 11392K, reserved 1048576K
}
Event: 24589.010 GC heap before
{Heap before GC invocations=1656 (full 5):
 PSYoungGen      total 124928K, used 124888K [0x00000000d5580000, 0x00000000ddb00000, 0x0000000100000000)
  eden space 123904K, 99% used [0x00000000d5580000,0x00000000dce7ffb8,0x00000000dce80000)
  from space 1024K, 96% used [0x00000000dda00000,0x00000000ddaf6410,0x00000000ddb00000)
  to   space 1536K, 0% used [0x00000000dd800000,0x00000000dd800000,0x00000000dd980000)
 ParOldGen       total 755712K, used 640186K [0x0000000080000000, 0x00000000ae200000, 0x00000000d5580000)
  object space 755712K, 84% used [0x0000000080000000,0x00000000a712e878,0x00000000ae200000)
 Metaspace       used 102979K, committed 104704K, reserved 1179648K
  class space    used 10613K, committed 11392K, reserved 1048576K
}
Event: 24589.058 GC heap after
{Heap after GC invocations=1656 (full 5):
 PSYoungGen      total 120320K, used 1531K [0x00000000d5580000, 0x00000000dda80000, 0x0000000100000000)
  eden space 118784K, 0% used [0x00000000d5580000,0x00000000d5580000,0x00000000dc980000)
  from space 1536K, 99% used [0x00000000dd800000,0x00000000dd97efc8,0x00000000dd980000)
  to   space 1024K, 0% used [0x00000000dd980000,0x00000000dd980000,0x00000000dda80000)
 ParOldGen       total 755712K, used 641561K [0x0000000080000000, 0x00000000ae200000, 0x00000000d5580000)
  object space 755712K, 84% used [0x0000000080000000,0x00000000a7286640,0x00000000ae200000)
 Metaspace       used 102979K, committed 104704K, reserved 1179648K
  class space    used 10613K, committed 11392K, reserved 1048576K
}
Event: 24591.839 GC heap before
{Heap before GC invocations=1657 (full 5):
 PSYoungGen      total 120320K, used 117769K [0x00000000d5580000, 0x00000000dda80000, 0x0000000100000000)
  eden space 118784K, 97% used [0x00000000d5580000,0x00000000dc703540,0x00000000dc980000)
  from space 1536K, 99% used [0x00000000dd800000,0x00000000dd97efc8,0x00000000dd980000)
  to   space 1024K, 0% used [0x00000000dd980000,0x00000000dd980000,0x00000000dda80000)
 ParOldGen       total 755712K, used 641561K [0x0000000080000000, 0x00000000ae200000, 0x00000000d5580000)
  object space 755712K, 84% used [0x0000000080000000,0x00000000a7286640,0x00000000ae200000)
 Metaspace       used 102993K, committed 104704K, reserved 1179648K
  class space    used 10614K, committed 11392K, reserved 1048576K
}
Event: 24591.920 GC heap after
{Heap after GC invocations=1657 (full 5):
 PSYoungGen      total 115200K, used 1002K [0x00000000d5580000, 0x00000000dda80000, 0x0000000100000000)
  eden space 114176K, 0% used [0x00000000d5580000,0x00000000d5580000,0x00000000dc500000)
  from space 1024K, 97% used [0x00000000dd980000,0x00000000dda7a910,0x00000000dda80000)
  to   space 10752K, 0% used [0x00000000dc580000,0x00000000dc580000,0x00000000dd000000)
 ParOldGen       total 755712K, used 649974K [0x0000000080000000, 0x00000000ae200000, 0x00000000d5580000)
  object space 755712K, 86% used [0x0000000080000000,0x00000000a7abd880,0x00000000ae200000)
 Metaspace       used 102993K, committed 104704K, reserved 1179648K
  class space    used 10614K, committed 11392K, reserved 1048576K
}
Event: 24592.271 GC heap before
{Heap before GC invocations=1658 (full 5):
 PSYoungGen      total 115200K, used 28657K [0x00000000d5580000, 0x00000000dda80000, 0x0000000100000000)
  eden space 114176K, 24% used [0x00000000d5580000,0x00000000d7081ca0,0x00000000dc500000)
  from space 1024K, 97% used [0x00000000dd980000,0x00000000dda7a910,0x00000000dda80000)
  to   space 10752K, 0% used [0x00000000dc580000,0x00000000dc580000,0x00000000dd000000)
 ParOldGen       total 755712K, used 649974K [0x0000000080000000, 0x00000000ae200000, 0x00000000d5580000)
  object space 755712K, 86% used [0x0000000080000000,0x00000000a7abd880,0x00000000ae200000)
 Metaspace       used 103007K, committed 104704K, reserved 1179648K
  class space    used 10614K, committed 11392K, reserved 1048576K
}
Event: 24592.275 GC heap after
{Heap after GC invocations=1658 (full 5):
 PSYoungGen      total 124928K, used 192K [0x00000000d5580000, 0x00000000dda00000, 0x0000000100000000)
  eden space 114176K, 0% used [0x00000000d5580000,0x00000000d5580000,0x00000000dc500000)
  from space 10752K, 1% used [0x00000000dc580000,0x00000000dc5b0000,0x00000000dd000000)
  to   space 3584K, 0% used [0x00000000dd680000,0x00000000dd680000,0x00000000dda00000)
 ParOldGen       total 755712K, used 650906K [0x0000000080000000, 0x00000000ae200000, 0x00000000d5580000)
  object space 755712K, 86% used [0x0000000080000000,0x00000000a7ba6aa0,0x00000000ae200000)
 Metaspace       used 103007K, committed 104704K, reserved 1179648K
  class space    used 10614K, committed 11392K, reserved 1048576K
}
Event: 24592.275 GC heap before
{Heap before GC invocations=1659 (full 6):
 PSYoungGen      total 124928K, used 192K [0x00000000d5580000, 0x00000000dda00000, 0x0000000100000000)
  eden space 114176K, 0% used [0x00000000d5580000,0x00000000d5580000,0x00000000dc500000)
  from space 10752K, 1% used [0x00000000dc580000,0x00000000dc5b0000,0x00000000dd000000)
  to   space 3584K, 0% used [0x00000000dd680000,0x00000000dd680000,0x00000000dda00000)
 ParOldGen       total 755712K, used 650906K [0x0000000080000000, 0x00000000ae200000, 0x00000000d5580000)
  object space 755712K, 86% used [0x0000000080000000,0x00000000a7ba6aa0,0x00000000ae200000)
 Metaspace       used 103007K, committed 104704K, reserved 1179648K
  class space    used 10614K, committed 11392K, reserved 1048576K
}

