# JRE version: Java(TM) SE Runtime Environment (21.0+35) (build 21+35-LTS-2513)
# Java VM: Java HotSpot(TM) 64-Bit Server VM (21+35-LTS-2513, mixed mode, sharing, tiered, compressed oops, compressed class ptrs, g1 gc, windows-amd64)
GC Precious Log:
 CardTable entry size: 512
 Card Set container configuration: InlinePtr #cards 5 size 8 Array Of Cards #cards 12 size 40 Howl #buckets 4 coarsen threshold 1843 Howl Bitmap #cards 512 size 80 coarsen threshold 460 Card regions per heap region 1 cards per card region 2048
 CPUs: 6 total, 6 available
 Memory: 8127M
 Large Page Support: Disabled
 NUMA Support: Disabled
 Compressed Oops: Enabled (32-bit)
 Heap Region Size: 1M
 Heap Min Capacity: 8M
 Heap Initial Capacity: 128M
 Heap Max Capacity: 2032M
 Pre-touch: Disabled
 Parallel Workers: 6
 Concurrent Workers: 2
 Concurrent Refinement Workers: 6
 Periodic GC: Disabled
Heap:
 garbage-first heap   total 102400K, used 98217K [0x0000000081000000, 0x0000000100000000)
  region size 1024K, 73 young (74752K), 10 survivors (10240K)
 Metaspace       used 27251K, committed 27584K, reserved 1114112K
  class space    used 3067K, committed 3200K, reserved 1048576K
GC Heap History (10 events):
Event: 0.466 GC heap before
{Heap before GC invocations=0 (full 0):
 garbage-first heap   total 131072K, used 21504K [0x0000000081000000, 0x0000000100000000)
  region size 1024K, 21 young (21504K), 0 survivors (0K)
 Metaspace       used 5591K, committed 5824K, reserved 1114112K
  class space    used 656K, committed 768K, reserved 1048576K
}
Event: 0.470 GC heap after
{Heap after GC invocations=1 (full 0):
 garbage-first heap   total 131072K, used 3643K [0x0000000081000000, 0x0000000100000000)
  region size 1024K, 3 young (3072K), 3 survivors (3072K)
 Metaspace       used 5591K, committed 5824K, reserved 1114112K
  class space    used 656K, committed 768K, reserved 1048576K
}
Event: 0.853 GC heap before
{Heap before GC invocations=1 (full 0):
 garbage-first heap   total 131072K, used 32315K [0x0000000081000000, 0x0000000100000000)
  region size 1024K, 31 young (31744K), 3 survivors (3072K)
 Metaspace       used 9117K, committed 9280K, reserved 1114112K
  class space    used 1077K, committed 1152K, reserved 1048576K
}
Event: 0.857 GC heap after
{Heap after GC invocations=2 (full 0):
 garbage-first heap   total 131072K, used 5221K [0x0000000081000000, 0x0000000100000000)
  region size 1024K, 2 young (2048K), 2 survivors (2048K)
 Metaspace       used 9117K, committed 9280K, reserved 1114112K
  class space    used 1077K, committed 1152K, reserved 1048576K
}
Event: 1.899 GC heap before
{Heap before GC invocations=2 (full 0):
 garbage-first heap   total 131072K, used 79973K [0x0000000081000000, 0x0000000100000000)
  region size 1024K, 76 young (77824K), 2 survivors (2048K)
 Metaspace       used 16006K, committed 16256K, reserved 1114112K
  class space    used 1874K, committed 1984K, reserved 1048576K
}
Event: 1.909 GC heap after
{Heap after GC invocations=3 (full 0):
 garbage-first heap   total 131072K, used 13761K [0x0000000081000000, 0x0000000100000000)
  region size 1024K, 10 young (10240K), 10 survivors (10240K)
 Metaspace       used 16006K, committed 16256K, reserved 1114112K
  class space    used 1874K, committed 1984K, reserved 1048576K
}
Event: 3.103 GC heap before
{Heap before GC invocations=3 (full 0):
 garbage-first heap   total 131072K, used 81345K [0x0000000081000000, 0x0000000100000000)
  region size 1024K, 76 young (77824K), 10 survivors (10240K)
 Metaspace       used 16969K, committed 17280K, reserved 1114112K
  class space    used 1930K, committed 2048K, reserved 1048576K
}
Event: 3.113 GC heap after
{Heap after GC invocations=4 (full 0):
 garbage-first heap   total 131072K, used 16848K [0x0000000081000000, 0x0000000100000000)
  region size 1024K, 4 young (4096K), 4 survivors (4096K)
 Metaspace       used 16969K, committed 17280K, reserved 1114112K
  class space    used 1930K, committed 2048K, reserved 1048576K
}
Event: 4.080 GC heap before
{Heap before GC invocations=4 (full 0):
 garbage-first heap   total 131072K, used 84432K [0x0000000081000000, 0x0000000100000000)
  region size 1024K, 60 young (61440K), 4 survivors (4096K)
 Metaspace       used 21170K, committed 21504K, reserved 1114112K
  class space    used 2368K, committed 2560K, reserved 1048576K
}
Event: 4.088 GC heap after
{Heap after GC invocations=5 (full 0):
 garbage-first heap   total 131072K, used 29609K [0x0000000081000000, 0x0000000100000000)
  region size 1024K, 10 young (10240K), 10 survivors (10240K)
 Metaspace       used 21170K, committed 21504K, reserved 1114112K
  class space    used 2368K, committed 2560K, reserved 1048576K
}

