# JRE version: OpenJDK Runtime Environment Temurin-21.0.8+9 (21.0.8+9) (build 21.0.8+9-LTS)
# Java VM: OpenJDK 64-Bit Server VM Temurin-21.0.8+9 (21.0.8+9-LTS, mixed mode, sharing, tiered, compressed oops, compressed class ptrs, parallel gc, windows-amd64)
GC Precious Log:
 CardTable entry size: 512
 CPUs: 6 total, 6 available
 Memory: 8127M
 Large Page Support: Disabled
 NUMA Support: Disabled
 Compressed Oops: Enabled (32-bit)
 Alignments: Space 512K, Generation 512K, Heap 2M
 Heap Min Capacity: 100M
 Heap Initial Capacity: 100M
 Heap Max Capacity: 2G
 Pre-touch: Disabled
 Parallel Workers: 6
Heap:
 PSYoungGen      total 6144K, used 555K [0x00000000d5580000, 0x00000000d5c80000, 0x0000000100000000)
  eden space 5120K, 0% used [0x00000000d5580000,0x00000000d5580000,0x00000000d5a80000)
  from space 1024K, 54% used [0x00000000d5b80000,0x00000000d5c0ae50,0x00000000d5c80000)
  to   space 1024K, 0% used [0x00000000d5a80000,0x00000000d5a80000,0x00000000d5b80000)
 ParOldGen       total 623104K, used 623078K [0x0000000080000000, 0x00000000a6080000, 0x00000000d5580000)
  object space 623104K, 99% used [0x0000000080000000,0x00000000a6079918,0x00000000a6080000)
 Metaspace       used 58493K, committed 59776K, reserved 1114112K
  class space    used 6373K, committed 6976K, reserved 1048576K
GC Heap History (20 events):
Event: 64.872 GC heap before
{Heap before GC invocations=814 (full 2):
 PSYoungGen      total 5120K, used 4374K [0x00000000d5580000, 0x00000000d5b00000, 0x0000000100000000)
  eden space 4096K, 100% used [0x00000000d5580000,0x00000000d5980000,0x00000000d5980000)
  from space 1024K, 27% used [0x00000000d5980000,0x00000000d59c5a20,0x00000000d5a80000)
  to   space 512K, 0% used [0x00000000d5a80000,0x00000000d5a80000,0x00000000d5b00000)
 ParOldGen       total 606208K, used 605819K [0x0000000080000000, 0x00000000a5000000, 0x00000000d5580000)
  object space 606208K, 99% used [0x0000000080000000,0x00000000a4f9ecf0,0x00000000a5000000)
 Metaspace       used 56991K, committed 58368K, reserved 1114112K
  class space    used 6221K, committed 6848K, reserved 1048576K
}
Event: 64.873 GC heap after
{Heap after GC invocations=814 (full 2):
 PSYoungGen      total 4608K, used 512K [0x00000000d5580000, 0x00000000d5b80000, 0x0000000100000000)
  eden space 4096K, 0% used [0x00000000d5580000,0x00000000d5580000,0x00000000d5980000)
  from space 512K, 100% used [0x00000000d5a80000,0x00000000d5b00000,0x00000000d5b00000)
  to   space 1024K, 0% used [0x00000000d5980000,0x00000000d5980000,0x00000000d5a80000)
 ParOldGen       total 606208K, used 606031K [0x0000000080000000, 0x00000000a5000000, 0x00000000d5580000)
  object space 606208K, 99% used [0x0000000080000000,0x00000000a4fd3db8,0x00000000a5000000)
 Metaspace       used 56991K, committed 58368K, reserved 1114112K
  class space    used 6221K, committed 6848K, reserved 1048576K
}
Event: 64.879 GC heap before
{Heap before GC invocations=815 (full 2):
 PSYoungGen      total 4608K, used 4608K [0x00000000d5580000, 0x00000000d5b80000, 0x0000000100000000)
  eden space 4096K, 100% used [0x00000000d5580000,0x00000000d5980000,0x00000000d5980000)
  from space 512K, 100% used [0x00000000d5a80000,0x00000000d5b00000,0x00000000d5b00000)
  to   space 1024K, 0% used [0x00000000d5980000,0x00000000d5980000,0x00000000d5a80000)
 ParOldGen       total 606208K, used 606031K [0x0000000080000000, 0x00000000a5000000, 0x00000000d5580000)
  object space 606208K, 99% used [0x0000000080000000,0x00000000a4fd3db8,0x00000000a5000000)
 Metaspace       used 57001K, committed 58368K, reserved 1114112K
  class space    used 6225K, committed 6848K, reserved 1048576K
}
Event: 64.881 GC heap after
{Heap after GC invocations=815 (full 2):
 PSYoungGen      total 5120K, used 544K [0x00000000d5580000, 0x00000000d5b80000, 0x0000000100000000)
  eden space 4096K, 0% used [0x00000000d5580000,0x00000000d5580000,0x00000000d5980000)
  from space 1024K, 53% used [0x00000000d5980000,0x00000000d5a08000,0x00000000d5a80000)
  to   space 1024K, 0% used [0x00000000d5a80000,0x00000000d5a80000,0x00000000d5b80000)
 ParOldGen       total 606720K, used 606423K [0x0000000080000000, 0x00000000a5080000, 0x00000000d5580000)
  object space 606720K, 99% used [0x0000000080000000,0x00000000a5035db8,0x00000000a5080000)
 Metaspace       used 57001K, committed 58368K, reserved 1114112K
  class space    used 6225K, committed 6848K, reserved 1048576K
}
Event: 64.887 GC heap before
{Heap before GC invocations=816 (full 2):
 PSYoungGen      total 5120K, used 4640K [0x00000000d5580000, 0x00000000d5b80000, 0x0000000100000000)
  eden space 4096K, 100% used [0x00000000d5580000,0x00000000d5980000,0x00000000d5980000)
  from space 1024K, 53% used [0x00000000d5980000,0x00000000d5a08000,0x00000000d5a80000)
  to   space 1024K, 0% used [0x00000000d5a80000,0x00000000d5a80000,0x00000000d5b80000)
 ParOldGen       total 606720K, used 606423K [0x0000000080000000, 0x00000000a5080000, 0x00000000d5580000)
  object space 606720K, 99% used [0x0000000080000000,0x00000000a5035db8,0x00000000a5080000)
 Metaspace       used 57011K, committed 58368K, reserved 1114112K
  class space    used 6230K, committed 6848K, reserved 1048576K
}
Event: 64.888 GC heap after
{Heap after GC invocations=816 (full 2):
 PSYoungGen      total 5120K, used 534K [0x00000000d5580000, 0x00000000d5b80000, 0x0000000100000000)
  eden space 4096K, 0% used [0x00000000d5580000,0x00000000d5580000,0x00000000d5980000)
  from space 1024K, 52% used [0x00000000d5a80000,0x00000000d5b05808,0x00000000d5b80000)
  to   space 1024K, 0% used [0x00000000d5980000,0x00000000d5980000,0x00000000d5a80000)
 ParOldGen       total 607232K, used 606863K [0x0000000080000000, 0x00000000a5100000, 0x00000000d5580000)
  object space 607232K, 99% used [0x0000000080000000,0x00000000a50a3db8,0x00000000a5100000)
 Metaspace       used 57011K, committed 58368K, reserved 1114112K
  class space    used 6230K, committed 6848K, reserved 1048576K
}
Event: 64.894 GC heap before
{Heap before GC invocations=817 (full 2):
 PSYoungGen      total 5120K, used 4630K [0x00000000d5580000, 0x00000000d5b80000, 0x0000000100000000)
  eden space 4096K, 100% used [0x00000000d5580000,0x00000000d5980000,0x00000000d5980000)
  from space 1024K, 52% used [0x00000000d5a80000,0x00000000d5b05808,0x00000000d5b80000)
  to   space 1024K, 0% used [0x00000000d5980000,0x00000000d5980000,0x00000000d5a80000)
 ParOldGen       total 607232K, used 606863K [0x0000000080000000, 0x00000000a5100000, 0x00000000d5580000)
  object space 607232K, 99% used [0x0000000080000000,0x00000000a50a3db8,0x00000000a5100000)
 Metaspace       used 57036K, committed 58432K, reserved 1114112K
  class space    used 6233K, committed 6848K, reserved 1048576K
}
Event: 64.896 GC heap after
{Heap after GC invocations=817 (full 2):
 PSYoungGen      total 5120K, used 512K [0x00000000d5580000, 0x00000000d5b80000, 0x0000000100000000)
  eden space 4096K, 0% used [0x00000000d5580000,0x00000000d5580000,0x00000000d5980000)
  from space 1024K, 50% used [0x00000000d5980000,0x00000000d5a00000,0x00000000d5a80000)
  to   space 1024K, 0% used [0x00000000d5a80000,0x00000000d5a80000,0x00000000d5b80000)
 ParOldGen       total 607744K, used 607333K [0x0000000080000000, 0x00000000a5180000, 0x00000000d5580000)
  object space 607744K, 99% used [0x0000000080000000,0x00000000a51195c0,0x00000000a5180000)
 Metaspace       used 57036K, committed 58432K, reserved 1114112K
  class space    used 6233K, committed 6848K, reserved 1048576K
}
Event: 64.903 GC heap before
{Heap before GC invocations=818 (full 2):
 PSYoungGen      total 5120K, used 4608K [0x00000000d5580000, 0x00000000d5b80000, 0x0000000100000000)
  eden space 4096K, 100% used [0x00000000d5580000,0x00000000d5980000,0x00000000d5980000)
  from space 1024K, 50% used [0x00000000d5980000,0x00000000d5a00000,0x00000000d5a80000)
  to   space 1024K, 0% used [0x00000000d5a80000,0x00000000d5a80000,0x00000000d5b80000)
 ParOldGen       total 607744K, used 607333K [0x0000000080000000, 0x00000000a5180000, 0x00000000d5580000)
  object space 607744K, 99% used [0x0000000080000000,0x00000000a51195c0,0x00000000a5180000)
 Metaspace       used 57055K, committed 58432K, reserved 1114112K
  class space    used 6235K, committed 6848K, reserved 1048576K
}
Event: 64.904 GC heap after
{Heap after GC invocations=818 (full 2):
 PSYoungGen      total 5120K, used 576K [0x00000000d5580000, 0x00000000d5b80000, 0x0000000100000000)
  eden space 4096K, 0% used [0x00000000d5580000,0x00000000d5580000,0x00000000d5980000)
  from space 1024K, 56% used [0x00000000d5a80000,0x00000000d5b10010,0x00000000d5b80000)
  to   space 1024K, 0% used [0x00000000d5980000,0x00000000d5980000,0x00000000d5a80000)
 ParOldGen       total 608256K, used 607781K [0x0000000080000000, 0x00000000a5200000, 0x00000000d5580000)
  object space 608256K, 99% used [0x0000000080000000,0x00000000a51895c0,0x00000000a5200000)
 Metaspace       used 57055K, committed 58432K, reserved 1114112K
  class space    used 6235K, committed 6848K, reserved 1048576K
}
Event: 64.911 GC heap before
{Heap before GC invocations=819 (full 2):
 PSYoungGen      total 5120K, used 4672K [0x00000000d5580000, 0x00000000d5b80000, 0x0000000100000000)
  eden space 4096K, 100% used [0x00000000d5580000,0x00000000d5980000,0x00000000d5980000)
  from space 1024K, 56% used [0x00000000d5a80000,0x00000000d5b10010,0x00000000d5b80000)
  to   space 1024K, 0% used [0x00000000d5980000,0x00000000d5980000,0x00000000d5a80000)
 ParOldGen       total 608256K, used 607781K [0x0000000080000000, 0x00000000a5200000, 0x00000000d5580000)
  object space 608256K, 99% used [0x0000000080000000,0x00000000a51895c0,0x00000000a5200000)
 Metaspace       used 57081K, committed 58432K, reserved 1114112K
  class space    used 6239K, committed 6848K, reserved 1048576K
}
Event: 64.912 GC heap after
{Heap after GC invocations=819 (full 2):
 PSYoungGen      total 5120K, used 640K [0x00000000d5580000, 0x00000000d5b80000, 0x0000000100000000)
  eden space 4096K, 0% used [0x00000000d5580000,0x00000000d5580000,0x00000000d5980000)
  from space 1024K, 62% used [0x00000000d5980000,0x00000000d5a20010,0x00000000d5a80000)
  to   space 1024K, 0% used [0x00000000d5a80000,0x00000000d5a80000,0x00000000d5b80000)
 ParOldGen       total 608256K, used 608189K [0x0000000080000000, 0x00000000a5200000, 0x00000000d5580000)
  object space 608256K, 99% used [0x0000000080000000,0x00000000a51ef5c0,0x00000000a5200000)
 Metaspace       used 57081K, committed 58432K, reserved 1114112K
  class space    used 6239K, committed 6848K, reserved 1048576K
}
Event: 64.920 GC heap before
{Heap before GC invocations=820 (full 2):
 PSYoungGen      total 5120K, used 4736K [0x00000000d5580000, 0x00000000d5b80000, 0x0000000100000000)
  eden space 4096K, 100% used [0x00000000d5580000,0x00000000d5980000,0x00000000d5980000)
  from space 1024K, 62% used [0x00000000d5980000,0x00000000d5a20010,0x00000000d5a80000)
  to   space 1024K, 0% used [0x00000000d5a80000,0x00000000d5a80000,0x00000000d5b80000)
 ParOldGen       total 608256K, used 608189K [0x0000000080000000, 0x00000000a5200000, 0x00000000d5580000)
  object space 608256K, 99% used [0x0000000080000000,0x00000000a51ef5c0,0x00000000a5200000)
 Metaspace       used 57111K, committed 58432K, reserved 1114112K
  class space    used 6242K, committed 6848K, reserved 1048576K
}
Event: 64.922 GC heap after
{Heap after GC invocations=820 (full 2):
 PSYoungGen      total 5120K, used 620K [0x00000000d5580000, 0x00000000d5b80000, 0x0000000100000000)
  eden space 4096K, 0% used [0x00000000d5580000,0x00000000d5580000,0x00000000d5980000)
  from space 1024K, 60% used [0x00000000d5a80000,0x00000000d5b1b008,0x00000000d5b80000)
  to   space 1024K, 0% used [0x00000000d5980000,0x00000000d5980000,0x00000000d5a80000)
 ParOldGen       total 608768K, used 608677K [0x0000000080000000, 0x00000000a5280000, 0x00000000d5580000)
  object space 608768K, 99% used [0x0000000080000000,0x00000000a52695c0,0x00000000a5280000)
 Metaspace       used 57111K, committed 58432K, reserved 1114112K
  class space    used 6242K, committed 6848K, reserved 1048576K
}
Event: 64.934 GC heap before
{Heap before GC invocations=821 (full 2):
 PSYoungGen      total 5120K, used 4716K [0x00000000d5580000, 0x00000000d5b80000, 0x0000000100000000)
  eden space 4096K, 100% used [0x00000000d5580000,0x00000000d5980000,0x00000000d5980000)
  from space 1024K, 60% used [0x00000000d5a80000,0x00000000d5b1b008,0x00000000d5b80000)
  to   space 1024K, 0% used [0x00000000d5980000,0x00000000d5980000,0x00000000d5a80000)
 ParOldGen       total 608768K, used 608677K [0x0000000080000000, 0x00000000a5280000, 0x00000000d5580000)
  object space 608768K, 99% used [0x0000000080000000,0x00000000a52695c0,0x00000000a5280000)
 Metaspace       used 57136K, committed 58496K, reserved 1114112K
  class space    used 6245K, committed 6848K, reserved 1048576K
}
Event: 64.937 GC heap after
{Heap after GC invocations=821 (full 2):
 PSYoungGen      total 5120K, used 1019K [0x00000000d5580000, 0x00000000d5d80000, 0x0000000100000000)
  eden space 4096K, 0% used [0x00000000d5580000,0x00000000d5580000,0x00000000d5980000)
  from space 1024K, 99% used [0x00000000d5980000,0x00000000d5a7ef50,0x00000000d5a80000)
  to   space 2048K, 0% used [0x00000000d5b80000,0x00000000d5b80000,0x00000000d5d80000)
 ParOldGen       total 609792K, used 609297K [0x0000000080000000, 0x00000000a5380000, 0x00000000d5580000)
  object space 609792K, 99% used [0x0000000080000000,0x00000000a53045c8,0x00000000a5380000)
 Metaspace       used 57136K, committed 58496K, reserved 1114112K
  class space    used 6245K, committed 6848K, reserved 1048576K
}
Event: 64.997 GC heap before
{Heap before GC invocations=822 (full 2):
 PSYoungGen      total 5120K, used 5114K [0x00000000d5580000, 0x00000000d5d80000, 0x0000000100000000)
  eden space 4096K, 99% used [0x00000000d5580000,0x00000000d597fa58,0x00000000d5980000)
  from space 1024K, 99% used [0x00000000d5980000,0x00000000d5a7ef50,0x00000000d5a80000)
  to   space 2048K, 0% used [0x00000000d5b80000,0x00000000d5b80000,0x00000000d5d80000)
 ParOldGen       total 609792K, used 609297K [0x0000000080000000, 0x00000000a5380000, 0x00000000d5580000)
  object space 609792K, 99% used [0x0000000080000000,0x00000000a53045c8,0x00000000a5380000)
 Metaspace       used 57431K, committed 58816K, reserved 1114112K
  class space    used 6265K, committed 6912K, reserved 1048576K
}
Event: 64.999 GC heap after
{Heap after GC invocations=822 (full 2):
 PSYoungGen      total 4608K, used 264K [0x00000000d5580000, 0x00000000d5c00000, 0x0000000100000000)
  eden space 4096K, 0% used [0x00000000d5580000,0x00000000d5580000,0x00000000d5980000)
  from space 512K, 51% used [0x00000000d5b80000,0x00000000d5bc2010,0x00000000d5c00000)
  to   space 1024K, 0% used [0x00000000d5a00000,0x00000000d5a00000,0x00000000d5b00000)
 ParOldGen       total 610304K, used 609816K [0x0000000080000000, 0x00000000a5400000, 0x00000000d5580000)
  object space 610304K, 99% used [0x0000000080000000,0x00000000a53861f8,0x00000000a5400000)
 Metaspace       used 57431K, committed 58816K, reserved 1114112K
  class space    used 6265K, committed 6912K, reserved 1048576K
}
Event: 65.018 GC heap before
{Heap before GC invocations=823 (full 2):
 PSYoungGen      total 4608K, used 4360K [0x00000000d5580000, 0x00000000d5c00000, 0x0000000100000000)
  eden space 4096K, 100% used [0x00000000d5580000,0x00000000d5980000,0x00000000d5980000)
  from space 512K, 51% used [0x00000000d5b80000,0x00000000d5bc2010,0x00000000d5c00000)
  to   space 1024K, 0% used [0x00000000d5a00000,0x00000000d5a00000,0x00000000d5b00000)
 ParOldGen       total 610304K, used 609816K [0x0000000080000000, 0x00000000a5400000, 0x00000000d5580000)
  object space 610304K, 99% used [0x0000000080000000,0x00000000a53861f8,0x00000000a5400000)
 Metaspace       used 57539K, committed 58880K, reserved 1114112K
  class space    used 6272K, committed 6912K, reserved 1048576K
}
Event: 65.020 GC heap after
{Heap after GC invocations=823 (full 2):
 PSYoungGen      total 5120K, used 616K [0x00000000d5580000, 0x00000000d5c00000, 0x0000000100000000)
  eden space 4096K, 0% used [0x00000000d5580000,0x00000000d5580000,0x00000000d5980000)
  from space 1024K, 60% used [0x00000000d5a00000,0x00000000d5a9a2c0,0x00000000d5b00000)
  to   space 1024K, 0% used [0x00000000d5b00000,0x00000000d5b00000,0x00000000d5c00000)
 ParOldGen       total 610304K, used 609894K [0x0000000080000000, 0x00000000a5400000, 0x00000000d5580000)
  object space 610304K, 99% used [0x0000000080000000,0x00000000a5399a18,0x00000000a5400000)
 Metaspace       used 57539K, committed 58880K, reserved 1114112K
  class space    used 6272K, committed 6912K, reserved 1048576K
}

